<?xml version="1.0" encoding="UTF-8"?>
<testsuite xmlns:xsi="http://www.w3.org/2001/XMLSchema-instance" xsi:noNamespaceSchemaLocation="https://maven.apache.org/surefire/maven-surefire-plugin/xsd/surefire-test-report-3.0.xsd" version="3.0" name="com.example.tokencache.controller.EnmControllerTest" time="23.202" tests="2" errors="0" skipped="0" failures="0">
  <properties>
[...]
</properties>
  <testcase name="loginReturnsUpstreamResponse" classname="com.example.tokencache.controller.EnmControllerTest" time="2.761">
    <system-out><![CDATA[21:38:41.173 [main] INFO org.springframework.test.context.support.AnnotationConfigContextLoaderUtils -- Could not detect default configuration classes for test class [com.example.tokencache.controller.EnmControllerTest]: EnmControllerTest does not declare any static, non-private, non-final, nested classes annotated with @Configuration.
21:38:41.743 [main] INFO org.springframework.boot.test.context.SpringBootTestContextBootstrapper -- Found @SpringBootConfiguration com.example.tokencache.TokenCacheApplication for test class com.example.tokencache.controller.EnmControllerTest

  .   ____          _            __ _ _
 /\\ / ___'_ __ _ _(_)_ __  __ _ \ \ \ \
( ( )\___ | '_ | '_| | '_ \/ _` | \ \ \ \
 \\/  ___)| |_)| | | | | || (_| |  ) ) ) )
  '  |____| .__|_| |_|_| |_\__, | / / / /
 =========|_|==============|___/=/_/_/_/
 :: Spring Boot ::                (v3.2.5)

2026-02-21T21:38:44.150+01:00  INFO 29804 --- [token-exchange-service] [           main] c.e.t.controller.EnmControllerTest       : Starting EnmControllerTest using Java 21.0.5 with PID 29804 (started by nagen in C:\Spring-AI\token_exchange\token-exchange-service)
2026-02-21T21:38:44.153+01:00  INFO 29804 --- [token-exchange-service] [           main] c.e.t.controller.EnmControllerTest       : No active profile set, falling back to 1 default profile: "default"
2026-02-21T21:38:59.866+01:00  INFO 29804 --- [token-exchange-service] [           main] o.s.b.t.m.w.SpringBootMockServletContext : Initializing Spring TestDispatcherServlet ''
2026-02-21T21:38:59.868+01:00  INFO 29804 --- [token-exchange-service] [           main] o.s.t.web.servlet.TestDispatcherServlet  : Initializing Servlet ''
2026-02-21T21:38:59.893+01:00  INFO 29804 --- [token-exchange-service] [           main] o.s.t.web.servlet.TestDispatcherServlet  : Completed initialization in 15 ms
2026-02-21T21:39:00.663+01:00  INFO 29804 --- [token-exchange-service] [           main] c.e.t.controller.EnmControllerTest       : Started EnmControllerTest in 18.607 seconds (process running for 21.549)
]]></system-out>
    <system-err><![CDATA[WARNING: A Java agent has been loaded dynamically (C:\Users\nagen\.m2\repository\net\bytebuddy\byte-buddy-agent\1.14.13\byte-buddy-agent-1.14.13.jar)
WARNING: If a serviceability tool is in use, please run with -XX:+EnableDynamicAgentLoading to hide this warning
WARNING: If a serviceability tool is not in use, please run with -Djdk.instrument.traceUsage for more information
WARNING: Dynamic loading of agents will be disallowed by default in a future release
]]></system-err>
  </testcase>
  <testcase name="missingPasswordReturns400" classname="com.example.tokencache.controller.EnmControllerTest" time="0.153">
    <system-out><![CDATA[2026-02-21T21:39:03.808+01:00  WARN 29804 --- [token-exchange-service] [           main] .w.s.m.s.DefaultHandlerExceptionResolver : Resolved [org.springframework.web.bind.MethodArgumentNotValidException: Validation failed for argument [0] in public org.springframework.http.ResponseEntity<java.lang.String> com.example.tokencache.controller.EnmController.login(com.example.tokencache.dto.EnmLoginRequest): [Field error in object 'enmLoginRequest' on field 'password': rejected value [null]; codes [NotBlank.enmLoginRequest.password,NotBlank.password,NotBlank.java.lang.String,NotBlank]; arguments [org.springframework.context.support.DefaultMessageSourceResolvable: codes [enmLoginRequest.password,password]; arguments []; default message [password]]; default message [must not be blank]] ]
]]></system-out>
  </testcase>
</testsuite>